app/build/intermediates/manifest_merge_blame_file/debug/manifest-merger-blame-debug-report.txt
1<?xml version="1.0" encoding="utf-8"?>
2<manifest xmlns:android="http://schemas.android.com/apk/res/android"
3    package="com.example.appbarber"
4    android:versionCode="1"
5    android:versionName="1.0" >
6
7    <uses-sdk
8        android:minSdkVersion="19"
8-->src\main\AndroidManifest.xml
9        android:targetSdkVersion="29" />
9-->src\main\AndroidManifest.xml
10
11    <uses-permission android:name="android.permission.INTERNET" />
11-->src\main\AndroidManifest.xml:5:5-67
11-->src\main\AndroidManifest.xml:5:22-64
12    <uses-permission android:name="android.permission.ACCESS_NETWORK_STATE" />
12-->src\main\AndroidManifest.xml:6:5-79
12-->src\main\AndroidManifest.xml:6:22-76
13
14    <application
14-->src\main\AndroidManifest.xml:8:5-43:19
15        android:allowBackup="true"
15-->src\main\AndroidManifest.xml:9:9-35
16        android:appComponentFactory="androidx.core.app.CoreComponentFactory"
16-->[androidx.core:core:1.2.0] AndroidManifest.xml:24:18-86
17        android:debuggable="true"
18        android:icon="@mipmap/ic_launcher"
18-->src\main\AndroidManifest.xml:10:9-43
19        android:label="@string/app_name"
19-->src\main\AndroidManifest.xml:11:9-41
20        android:roundIcon="@mipmap/ic_launcher_round"
20-->src\main\AndroidManifest.xml:12:9-54
21        android:supportsRtl="true"
21-->src\main\AndroidManifest.xml:13:9-35
22        android:testOnly="true"
23        android:theme="@style/AppTheme" >
23-->src\main\AndroidManifest.xml:14:9-40
24        <activity android:name="com.example.appbarber.checkout" />
24-->src\main\AndroidManifest.xml:15:9-55
24-->src\main\AndroidManifest.xml:15:19-43
25        <activity
25-->src\main\AndroidManifest.xml:16:9-18:50
26            android:name="com.example.appbarber.antrian"
26-->src\main\AndroidManifest.xml:17:13-36
27            android:parentActivityName="com.example.appbarber.home" />
27-->src\main\AndroidManifest.xml:18:13-47
28        <activity android:name="com.example.appbarber.layanan" />
28-->src\main\AndroidManifest.xml:19:9-45
28-->src\main\AndroidManifest.xml:19:19-42
29        <activity android:name="com.example.appbarber.model" />
29-->src\main\AndroidManifest.xml:20:9-43
29-->src\main\AndroidManifest.xml:20:19-40
30        <activity
30-->src\main\AndroidManifest.xml:21:9-23:72
31            android:name="com.example.appbarber.register"
31-->src\main\AndroidManifest.xml:22:13-37
32            android:theme="@style/Theme.AppCompat.Light.NoActionBar" />
32-->src\main\AndroidManifest.xml:23:13-69
33        <activity
33-->src\main\AndroidManifest.xml:24:9-27:72
34            android:name="com.example.appbarber.home"
34-->src\main\AndroidManifest.xml:25:13-33
35            android:parentActivityName="com.example.appbarber.login"
35-->src\main\AndroidManifest.xml:26:13-48
36            android:theme="@style/Theme.AppCompat.Light.NoActionBar" />
36-->src\main\AndroidManifest.xml:27:13-69
37        <activity
37-->src\main\AndroidManifest.xml:28:9-30:72
38            android:name="com.example.appbarber.login"
38-->src\main\AndroidManifest.xml:29:13-34
39            android:theme="@style/Theme.AppCompat.Light.NoActionBar" />
39-->src\main\AndroidManifest.xml:30:13-69
40        <activity
40-->src\main\AndroidManifest.xml:31:9-39:20
41            android:name="com.example.appbarber.MainActivity"
41-->src\main\AndroidManifest.xml:32:13-41
42            android:theme="@style/Theme.AppCompat.Light.NoActionBar" >
42-->src\main\AndroidManifest.xml:33:13-69
43            <intent-filter>
43-->src\main\AndroidManifest.xml:34:13-38:29
44                <action android:name="android.intent.action.MAIN" />
44-->src\main\AndroidManifest.xml:35:17-69
44-->src\main\AndroidManifest.xml:35:25-66
45
46                <category android:name="android.intent.category.LAUNCHER" />
46-->src\main\AndroidManifest.xml:37:17-77
46-->src\main\AndroidManifest.xml:37:27-74
47            </intent-filter>
48        </activity>
49        <activity
49-->src\main\AndroidManifest.xml:40:9-42:50
50            android:name="com.example.appbarber.cukur"
50-->src\main\AndroidManifest.xml:41:13-34
51            android:parentActivityName="com.example.appbarber.home" />
51-->src\main\AndroidManifest.xml:42:13-47
52
53        <provider
53-->[androidx.lifecycle:lifecycle-process:2.2.0] AndroidManifest.xml:25:9-29:43
54            android:name="androidx.lifecycle.ProcessLifecycleOwnerInitializer"
54-->[androidx.lifecycle:lifecycle-process:2.2.0] AndroidManifest.xml:26:13-79
55            android:authorities="com.example.appbarber.lifecycle-process"
55-->[androidx.lifecycle:lifecycle-process:2.2.0] AndroidManifest.xml:27:13-69
56            android:exported="false"
56-->[androidx.lifecycle:lifecycle-process:2.2.0] AndroidManifest.xml:28:13-37
57            android:multiprocess="true" />
57-->[androidx.lifecycle:lifecycle-process:2.2.0] AndroidManifest.xml:29:13-40
58    </application>
59
60</manifest>